Build started 4/28/2012 10:35:17 AM.
     1>Project "D:\ToanBK\Documents\Visual Studio 2010\Projects\Google Code Projects\mimas-analysis-system\AnalysisSystem\SvmLibConsole\SvmLibConsole.vcxproj" on node 2 (build target(s)).
     1>InitializeBuildStatus:
         Creating "Debug\SvmLibConsole.unsuccessfulbuild" because "AlwaysCreate" was specified.
       ClCompile:
         All outputs are up-to-date.
         All outputs are up-to-date.
       ManifestResourceCompile:
         All outputs are up-to-date.
       Link:
         C:\Program Files (x86)\Microsoft Visual Studio 10.0\VC\bin\link.exe /ERRORREPORT:PROMPT /OUT:"D:\ToanBK\Documents\Visual Studio 2010\Projects\Google Code Projects\mimas-analysis-system\AnalysisSystem\Debug\SvmLibConsole.exe" /INCREMENTAL /NOLOGO kernel32.lib user32.lib gdi32.lib winspool.lib comdlg32.lib advapi32.lib shell32.lib ole32.lib oleaut32.lib uuid.lib odbc32.lib odbccp32.lib /MANIFEST /ManifestFile:"Debug\SvmLibConsole.exe.intermediate.manifest" /MANIFESTUAC:"level='asInvoker' uiAccess='false'" /DEBUG /PDB:"D:\ToanBK\Documents\Visual Studio 2010\Projects\Google Code Projects\mimas-analysis-system\AnalysisSystem\Debug\SvmLibConsole.pdb" /SUBSYSTEM:CONSOLE /TLBID:1 /DYNAMICBASE /NXCOMPAT /IMPLIB:"D:\ToanBK\Documents\Visual Studio 2010\Projects\Google Code Projects\mimas-analysis-system\AnalysisSystem\Debug\SvmLibConsole.lib" /MACHINE:X86 Debug\SvmLibConsole.exe.embed.manifest.res
         "Debug\svm-scale.obj"
         Debug\svm.obj
            Creating library D:\ToanBK\Documents\Visual Studio 2010\Projects\Google Code Projects\mimas-analysis-system\AnalysisSystem\Debug\SvmLibConsole.lib and object D:\ToanBK\Documents\Visual Studio 2010\Projects\Google Code Projects\mimas-analysis-system\AnalysisSystem\Debug\SvmLibConsole.exp
       Manifest:
         C:\Program Files (x86)\Microsoft SDKs\Windows\v7.0A\bin\mt.exe /nologo /verbose /out:"Debug\SvmLibConsole.exe.embed.manifest" /manifest Debug\SvmLibConsole.exe.intermediate.manifest
         All outputs are up-to-date.
       LinkEmbedManifest:
         All outputs are up-to-date.
         SvmLibConsole.vcxproj -> D:\ToanBK\Documents\Visual Studio 2010\Projects\Google Code Projects\mimas-analysis-system\AnalysisSystem\Debug\SvmLibConsole.exe
       FinalizeBuildStatus:
         Deleting file "Debug\SvmLibConsole.unsuccessfulbuild".
         Touching "Debug\SvmLibConsole.lastbuildstate".
     1>Done Building Project "D:\ToanBK\Documents\Visual Studio 2010\Projects\Google Code Projects\mimas-analysis-system\AnalysisSystem\SvmLibConsole\SvmLibConsole.vcxproj" (build target(s)).

Build succeeded.

Time Elapsed 00:00:00.93
