D:\TOANBK\DOCUMENTS\VISUAL STUDIO 2010\PROJECTS\GOOGLE CODE PROJECTS\MIMAS-ANALYSIS-SYSTEM\ANALYSISSYSTEM\DEBUG\SVMLIBCONSOLE.EXE
D:\ToanBK\Documents\Visual Studio 2010\Projects\Google Code Projects\mimas-analysis-system\AnalysisSystem\Debug\SvmLibConsole.exp
D:\TOANBK\DOCUMENTS\VISUAL STUDIO 2010\PROJECTS\GOOGLE CODE PROJECTS\MIMAS-ANALYSIS-SYSTEM\ANALYSISSYSTEM\DEBUG\SVMLIBCONSOLE.ILK
D:\ToanBK\Documents\Visual Studio 2010\Projects\Google Code Projects\mimas-analysis-system\AnalysisSystem\Debug\SvmLibConsole.lib
D:\TOANBK\DOCUMENTS\VISUAL STUDIO 2010\PROJECTS\GOOGLE CODE PROJECTS\MIMAS-ANALYSIS-SYSTEM\ANALYSISSYSTEM\DEBUG\SVMLIBCONSOLE.PDB
D:\ToanBK\Documents\Visual Studio 2010\Projects\Google Code Projects\mimas-analysis-system\AnalysisSystem\SvmLibConsole\Debug\cl.command.1.tlog
D:\ToanBK\Documents\Visual Studio 2010\Projects\Google Code Projects\mimas-analysis-system\AnalysisSystem\SvmLibConsole\Debug\CL.read.1.tlog
D:\ToanBK\Documents\Visual Studio 2010\Projects\Google Code Projects\mimas-analysis-system\AnalysisSystem\SvmLibConsole\Debug\CL.write.1.tlog
D:\ToanBK\Documents\Visual Studio 2010\Projects\Google Code Projects\mimas-analysis-system\AnalysisSystem\SvmLibConsole\Debug\link.2464.read.1.tlog
D:\ToanBK\Documents\Visual Studio 2010\Projects\Google Code Projects\mimas-analysis-system\AnalysisSystem\SvmLibConsole\Debug\link.2464.write.1.tlog
D:\ToanBK\Documents\Visual Studio 2010\Projects\Google Code Projects\mimas-analysis-system\AnalysisSystem\SvmLibConsole\Debug\link.2464-cvtres.read.1.tlog
D:\ToanBK\Documents\Visual Studio 2010\Projects\Google Code Projects\mimas-analysis-system\AnalysisSystem\SvmLibConsole\Debug\link.2464-cvtres.write.1.tlog
D:\ToanBK\Documents\Visual Studio 2010\Projects\Google Code Projects\mimas-analysis-system\AnalysisSystem\SvmLibConsole\Debug\link.command.1.tlog
D:\ToanBK\Documents\Visual Studio 2010\Projects\Google Code Projects\mimas-analysis-system\AnalysisSystem\SvmLibConsole\Debug\link.read.1.tlog
D:\ToanBK\Documents\Visual Studio 2010\Projects\Google Code Projects\mimas-analysis-system\AnalysisSystem\SvmLibConsole\Debug\link.write.1.tlog
D:\ToanBK\Documents\Visual Studio 2010\Projects\Google Code Projects\mimas-analysis-system\AnalysisSystem\SvmLibConsole\Debug\link-cvtres.read.1.tlog
D:\ToanBK\Documents\Visual Studio 2010\Projects\Google Code Projects\mimas-analysis-system\AnalysisSystem\SvmLibConsole\Debug\link-cvtres.write.1.tlog
D:\ToanBK\Documents\Visual Studio 2010\Projects\Google Code Projects\mimas-analysis-system\AnalysisSystem\SvmLibConsole\Debug\mt.command.1.tlog
D:\ToanBK\Documents\Visual Studio 2010\Projects\Google Code Projects\mimas-analysis-system\AnalysisSystem\SvmLibConsole\Debug\mt.read.1.tlog
D:\ToanBK\Documents\Visual Studio 2010\Projects\Google Code Projects\mimas-analysis-system\AnalysisSystem\SvmLibConsole\Debug\mt.write.1.tlog
D:\ToanBK\Documents\Visual Studio 2010\Projects\Google Code Projects\mimas-analysis-system\AnalysisSystem\SvmLibConsole\Debug\rc.command.1.tlog
D:\ToanBK\Documents\Visual Studio 2010\Projects\Google Code Projects\mimas-analysis-system\AnalysisSystem\SvmLibConsole\Debug\rc.read.1.tlog
D:\ToanBK\Documents\Visual Studio 2010\Projects\Google Code Projects\mimas-analysis-system\AnalysisSystem\SvmLibConsole\Debug\rc.write.1.tlog
D:\TOANBK\DOCUMENTS\VISUAL STUDIO 2010\PROJECTS\GOOGLE CODE PROJECTS\MIMAS-ANALYSIS-SYSTEM\ANALYSISSYSTEM\SVMLIBCONSOLE\DEBUG\SVM.OBJ
D:\TOANBK\DOCUMENTS\VISUAL STUDIO 2010\PROJECTS\GOOGLE CODE PROJECTS\MIMAS-ANALYSIS-SYSTEM\ANALYSISSYSTEM\SVMLIBCONSOLE\DEBUG\SVMLIBCONSOLE.EXE.EMBED.MANIFEST
D:\TOANBK\DOCUMENTS\VISUAL STUDIO 2010\PROJECTS\GOOGLE CODE PROJECTS\MIMAS-ANALYSIS-SYSTEM\ANALYSISSYSTEM\SVMLIBCONSOLE\DEBUG\SVMLIBCONSOLE.EXE.EMBED.MANIFEST.RES
D:\TOANBK\DOCUMENTS\VISUAL STUDIO 2010\PROJECTS\GOOGLE CODE PROJECTS\MIMAS-ANALYSIS-SYSTEM\ANALYSISSYSTEM\SVMLIBCONSOLE\DEBUG\SVMLIBCONSOLE.EXE.INTERMEDIATE.MANIFEST
D:\ToanBK\Documents\Visual Studio 2010\Projects\Google Code Projects\mimas-analysis-system\AnalysisSystem\SvmLibConsole\Debug\SvmLibConsole.write.1.tlog
D:\ToanBK\Documents\Visual Studio 2010\Projects\Google Code Projects\mimas-analysis-system\AnalysisSystem\SvmLibConsole\Debug\SvmLibConsole_manifest.rc
D:\TOANBK\DOCUMENTS\VISUAL STUDIO 2010\PROJECTS\GOOGLE CODE PROJECTS\MIMAS-ANALYSIS-SYSTEM\ANALYSISSYSTEM\SVMLIBCONSOLE\DEBUG\SVM-PREDICT.OBJ
D:\ToanBK\Documents\Visual Studio 2010\Projects\Google Code Projects\mimas-analysis-system\AnalysisSystem\SvmLibConsole\Debug\vc100.idb
D:\TOANBK\DOCUMENTS\VISUAL STUDIO 2010\PROJECTS\GOOGLE CODE PROJECTS\MIMAS-ANALYSIS-SYSTEM\ANALYSISSYSTEM\SVMLIBCONSOLE\DEBUG\VC100.PDB
