D:\TOANBK\DOCUMENTS\VISUAL STUDIO 2010\PROJECTS\GOOGLE CODE PROJECTS\MIMAS-ANALYSIS-SYSTEM\ANALYSISSYSTEM\DEBUG\SVMLIB.DLL
D:\ToanBK\Documents\Visual Studio 2010\Projects\Google Code Projects\mimas-analysis-system\AnalysisSystem\Debug\SvmLib.exp
D:\TOANBK\DOCUMENTS\VISUAL STUDIO 2010\PROJECTS\GOOGLE CODE PROJECTS\MIMAS-ANALYSIS-SYSTEM\ANALYSISSYSTEM\DEBUG\SVMLIB.ILK
D:\ToanBK\Documents\Visual Studio 2010\Projects\Google Code Projects\mimas-analysis-system\AnalysisSystem\Debug\SvmLib.lib
D:\TOANBK\DOCUMENTS\VISUAL STUDIO 2010\PROJECTS\GOOGLE CODE PROJECTS\MIMAS-ANALYSIS-SYSTEM\ANALYSISSYSTEM\DEBUG\SVMLIB.PDB
D:\ToanBK\Documents\Visual Studio 2010\Projects\Google Code Projects\mimas-analysis-system\AnalysisSystem\SvmLib\Debug\cl.command.1.tlog
D:\ToanBK\Documents\Visual Studio 2010\Projects\Google Code Projects\mimas-analysis-system\AnalysisSystem\SvmLib\Debug\CL.read.1.tlog
D:\ToanBK\Documents\Visual Studio 2010\Projects\Google Code Projects\mimas-analysis-system\AnalysisSystem\SvmLib\Debug\CL.write.1.tlog
D:\ToanBK\Documents\Visual Studio 2010\Projects\Google Code Projects\mimas-analysis-system\AnalysisSystem\SvmLib\Debug\link.1028.read.1.tlog
D:\ToanBK\Documents\Visual Studio 2010\Projects\Google Code Projects\mimas-analysis-system\AnalysisSystem\SvmLib\Debug\link.1028.write.1.tlog
D:\ToanBK\Documents\Visual Studio 2010\Projects\Google Code Projects\mimas-analysis-system\AnalysisSystem\SvmLib\Debug\link.1028-cvtres.read.1.tlog
D:\ToanBK\Documents\Visual Studio 2010\Projects\Google Code Projects\mimas-analysis-system\AnalysisSystem\SvmLib\Debug\link.1028-cvtres.write.1.tlog
D:\ToanBK\Documents\Visual Studio 2010\Projects\Google Code Projects\mimas-analysis-system\AnalysisSystem\SvmLib\Debug\link.1100.read.1.tlog
D:\ToanBK\Documents\Visual Studio 2010\Projects\Google Code Projects\mimas-analysis-system\AnalysisSystem\SvmLib\Debug\link.1100.write.1.tlog
D:\ToanBK\Documents\Visual Studio 2010\Projects\Google Code Projects\mimas-analysis-system\AnalysisSystem\SvmLib\Debug\link.1100-cvtres.read.1.tlog
D:\ToanBK\Documents\Visual Studio 2010\Projects\Google Code Projects\mimas-analysis-system\AnalysisSystem\SvmLib\Debug\link.1100-cvtres.write.1.tlog
D:\ToanBK\Documents\Visual Studio 2010\Projects\Google Code Projects\mimas-analysis-system\AnalysisSystem\SvmLib\Debug\link.command.1.tlog
D:\ToanBK\Documents\Visual Studio 2010\Projects\Google Code Projects\mimas-analysis-system\AnalysisSystem\SvmLib\Debug\link.read.1.tlog
D:\ToanBK\Documents\Visual Studio 2010\Projects\Google Code Projects\mimas-analysis-system\AnalysisSystem\SvmLib\Debug\link.write.1.tlog
D:\ToanBK\Documents\Visual Studio 2010\Projects\Google Code Projects\mimas-analysis-system\AnalysisSystem\SvmLib\Debug\link-cvtres.read.1.tlog
D:\ToanBK\Documents\Visual Studio 2010\Projects\Google Code Projects\mimas-analysis-system\AnalysisSystem\SvmLib\Debug\link-cvtres.write.1.tlog
D:\ToanBK\Documents\Visual Studio 2010\Projects\Google Code Projects\mimas-analysis-system\AnalysisSystem\SvmLib\Debug\mt.command.1.tlog
D:\ToanBK\Documents\Visual Studio 2010\Projects\Google Code Projects\mimas-analysis-system\AnalysisSystem\SvmLib\Debug\mt.read.1.tlog
D:\ToanBK\Documents\Visual Studio 2010\Projects\Google Code Projects\mimas-analysis-system\AnalysisSystem\SvmLib\Debug\mt.write.1.tlog
D:\ToanBK\Documents\Visual Studio 2010\Projects\Google Code Projects\mimas-analysis-system\AnalysisSystem\SvmLib\Debug\rc.command.1.tlog
D:\ToanBK\Documents\Visual Studio 2010\Projects\Google Code Projects\mimas-analysis-system\AnalysisSystem\SvmLib\Debug\rc.read.1.tlog
D:\ToanBK\Documents\Visual Studio 2010\Projects\Google Code Projects\mimas-analysis-system\AnalysisSystem\SvmLib\Debug\rc.write.1.tlog
D:\TOANBK\DOCUMENTS\VISUAL STUDIO 2010\PROJECTS\GOOGLE CODE PROJECTS\MIMAS-ANALYSIS-SYSTEM\ANALYSISSYSTEM\SVMLIB\DEBUG\SVM.OBJ
D:\TOANBK\DOCUMENTS\VISUAL STUDIO 2010\PROJECTS\GOOGLE CODE PROJECTS\MIMAS-ANALYSIS-SYSTEM\ANALYSISSYSTEM\SVMLIB\DEBUG\SVMLIB.DLL.EMBED.MANIFEST
D:\TOANBK\DOCUMENTS\VISUAL STUDIO 2010\PROJECTS\GOOGLE CODE PROJECTS\MIMAS-ANALYSIS-SYSTEM\ANALYSISSYSTEM\SVMLIB\DEBUG\SVMLIB.DLL.EMBED.MANIFEST.RES
D:\TOANBK\DOCUMENTS\VISUAL STUDIO 2010\PROJECTS\GOOGLE CODE PROJECTS\MIMAS-ANALYSIS-SYSTEM\ANALYSISSYSTEM\SVMLIB\DEBUG\SVMLIB.DLL.INTERMEDIATE.MANIFEST
D:\ToanBK\Documents\Visual Studio 2010\Projects\Google Code Projects\mimas-analysis-system\AnalysisSystem\SvmLib\Debug\SvmLib.write.1.tlog
D:\ToanBK\Documents\Visual Studio 2010\Projects\Google Code Projects\mimas-analysis-system\AnalysisSystem\SvmLib\Debug\SvmLib_manifest.rc
D:\TOANBK\DOCUMENTS\VISUAL STUDIO 2010\PROJECTS\GOOGLE CODE PROJECTS\MIMAS-ANALYSIS-SYSTEM\ANALYSISSYSTEM\SVMLIB\DEBUG\SVM-PREDICT.OBJ
D:\ToanBK\Documents\Visual Studio 2010\Projects\Google Code Projects\mimas-analysis-system\AnalysisSystem\SvmLib\Debug\vc100.idb
D:\TOANBK\DOCUMENTS\VISUAL STUDIO 2010\PROJECTS\GOOGLE CODE PROJECTS\MIMAS-ANALYSIS-SYSTEM\ANALYSISSYSTEM\SVMLIB\DEBUG\VC100.PDB
