Build started 4/27/2012 9:36:16 AM.
     1>Project "D:\ToanBK\Documents\Visual Studio 2010\Projects\Google Code Projects\mimas-analysis-system\AnalysisSystem\SvmLib\SvmLib.vcxproj" on node 3 (rebuild target(s)).
     1>_PrepareForClean:
         Deleting file "Debug\SvmLib.lastbuildstate".
       InitializeBuildStatus:
         Creating "Debug\SvmLib.unsuccessfulbuild" because "AlwaysCreate" was specified.
       ClCompile:
         C:\Program Files (x86)\Microsoft Visual Studio 10.0\VC\bin\CL.exe /c /ZI /nologo /W3 /WX- /Od /Oy- /D WIN32 /D _DEBUG /D _WINDOWS /D _USRDLL /D SVMLIB_EXPORTS /D _WINDLL /D _UNICODE /D UNICODE /Gm /EHsc /RTC1 /MDd /GS /fp:precise /Zc:wchar_t /Zc:forScope /Fo"Debug\\" /Fd"Debug\vc100.pdb" /Gd /TC /analyze- /errorReport:prompt "svm-predict.c"
         svm-predict.c
     1>d:\toanbk\documents\visual studio 2010\projects\google code projects\mimas-analysis-system\analysissystem\svmlib\svm-predict.c(79): warning C4996: 'strtok': This function or variable may be unsafe. Consider using strtok_s instead. To disable deprecation, use _CRT_SECURE_NO_WARNINGS. See online help for details.
                 c:\program files (x86)\microsoft visual studio 10.0\vc\include\string.h(197) : see declaration of 'strtok'
     1>d:\toanbk\documents\visual studio 2010\projects\google code projects\mimas-analysis-system\analysissystem\svmlib\svm-predict.c(95): warning C4996: 'strtok': This function or variable may be unsafe. Consider using strtok_s instead. To disable deprecation, use _CRT_SECURE_NO_WARNINGS. See online help for details.
                 c:\program files (x86)\microsoft visual studio 10.0\vc\include\string.h(197) : see declaration of 'strtok'
     1>d:\toanbk\documents\visual studio 2010\projects\google code projects\mimas-analysis-system\analysissystem\svmlib\svm-predict.c(96): warning C4996: 'strtok': This function or variable may be unsafe. Consider using strtok_s instead. To disable deprecation, use _CRT_SECURE_NO_WARNINGS. See online help for details.
                 c:\program files (x86)\microsoft visual studio 10.0\vc\include\string.h(197) : see declaration of 'strtok'
     1>d:\toanbk\documents\visual studio 2010\projects\google code projects\mimas-analysis-system\analysissystem\svmlib\svm-predict.c(188): warning C4996: 'fopen': This function or variable may be unsafe. Consider using fopen_s instead. To disable deprecation, use _CRT_SECURE_NO_WARNINGS. See online help for details.
                 c:\program files (x86)\microsoft visual studio 10.0\vc\include\stdio.h(234) : see declaration of 'fopen'
     1>d:\toanbk\documents\visual studio 2010\projects\google code projects\mimas-analysis-system\analysissystem\svmlib\svm-predict.c(195): warning C4996: 'fopen': This function or variable may be unsafe. Consider using fopen_s instead. To disable deprecation, use _CRT_SECURE_NO_WARNINGS. See online help for details.
                 c:\program files (x86)\microsoft visual studio 10.0\vc\include\stdio.h(234) : see declaration of 'fopen'
         C:\Program Files (x86)\Microsoft Visual Studio 10.0\VC\bin\CL.exe /c /ZI /nologo /W3 /WX- /Od /Oy- /D WIN32 /D _DEBUG /D _WINDOWS /D _USRDLL /D SVMLIB_EXPORTS /D _WINDLL /D _UNICODE /D UNICODE /Gm /EHsc /RTC1 /MDd /GS /fp:precise /Zc:wchar_t /Zc:forScope /Fo"Debug\\" /Fd"Debug\vc100.pdb" /Gd /TP /analyze- /errorReport:prompt svm.cpp
         svm.cpp
     1>d:\toanbk\documents\visual studio 2010\projects\google code projects\mimas-analysis-system\analysissystem\svmlib\svm.cpp(51): warning C4996: 'vsprintf': This function or variable may be unsafe. Consider using vsprintf_s instead. To disable deprecation, use _CRT_SECURE_NO_WARNINGS. See online help for details.
                 c:\program files (x86)\microsoft visual studio 10.0\vc\include\stdio.h(371) : see declaration of 'vsprintf'
     1>d:\toanbk\documents\visual studio 2010\projects\google code projects\mimas-analysis-system\analysissystem\svmlib\svm.cpp(2583): warning C4996: 'fopen': This function or variable may be unsafe. Consider using fopen_s instead. To disable deprecation, use _CRT_SECURE_NO_WARNINGS. See online help for details.
                 c:\program files (x86)\microsoft visual studio 10.0\vc\include\stdio.h(234) : see declaration of 'fopen'
     1>d:\toanbk\documents\visual studio 2010\projects\google code projects\mimas-analysis-system\analysissystem\svmlib\svm.cpp(2691): warning C4996: 'fopen': This function or variable may be unsafe. Consider using fopen_s instead. To disable deprecation, use _CRT_SECURE_NO_WARNINGS. See online help for details.
                 c:\program files (x86)\microsoft visual studio 10.0\vc\include\stdio.h(234) : see declaration of 'fopen'
     1>d:\toanbk\documents\visual studio 2010\projects\google code projects\mimas-analysis-system\analysissystem\svmlib\svm.cpp(2707): warning C4996: 'fscanf': This function or variable may be unsafe. Consider using fscanf_s instead. To disable deprecation, use _CRT_SECURE_NO_WARNINGS. See online help for details.
                 c:\program files (x86)\microsoft visual studio 10.0\vc\include\stdio.h(253) : see declaration of 'fscanf'
     1>d:\toanbk\documents\visual studio 2010\projects\google code projects\mimas-analysis-system\analysissystem\svmlib\svm.cpp(2711): warning C4996: 'fscanf': This function or variable may be unsafe. Consider using fscanf_s instead. To disable deprecation, use _CRT_SECURE_NO_WARNINGS. See online help for details.
                 c:\program files (x86)\microsoft visual studio 10.0\vc\include\stdio.h(253) : see declaration of 'fscanf'
     1>d:\toanbk\documents\visual studio 2010\projects\google code projects\mimas-analysis-system\analysissystem\svmlib\svm.cpp(2733): warning C4996: 'fscanf': This function or variable may be unsafe. Consider using fscanf_s instead. To disable deprecation, use _CRT_SECURE_NO_WARNINGS. See online help for details.
                 c:\program files (x86)\microsoft visual studio 10.0\vc\include\stdio.h(253) : see declaration of 'fscanf'
     1>d:\toanbk\documents\visual studio 2010\projects\google code projects\mimas-analysis-system\analysissystem\svmlib\svm.cpp(2754): warning C4996: 'fscanf': This function or variable may be unsafe. Consider using fscanf_s instead. To disable deprecation, use _CRT_SECURE_NO_WARNINGS. See online help for details.
                 c:\program files (x86)\microsoft visual studio 10.0\vc\include\stdio.h(253) : see declaration of 'fscanf'
     1>d:\toanbk\documents\visual studio 2010\projects\google code projects\mimas-analysis-system\analysissystem\svmlib\svm.cpp(2756): warning C4996: 'fscanf': This function or variable may be unsafe. Consider using fscanf_s instead. To disable deprecation, use _CRT_SECURE_NO_WARNINGS. See online help for details.
                 c:\program files (x86)\microsoft visual studio 10.0\vc\include\stdio.h(253) : see declaration of 'fscanf'
     1>d:\toanbk\documents\visual studio 2010\projects\google code projects\mimas-analysis-system\analysissystem\svmlib\svm.cpp(2758): warning C4996: 'fscanf': This function or variable may be unsafe. Consider using fscanf_s instead. To disable deprecation, use _CRT_SECURE_NO_WARNINGS. See online help for details.
                 c:\program files (x86)\microsoft visual studio 10.0\vc\include\stdio.h(253) : see declaration of 'fscanf'
     1>d:\toanbk\documents\visual studio 2010\projects\google code projects\mimas-analysis-system\analysissystem\svmlib\svm.cpp(2760): warning C4996: 'fscanf': This function or variable may be unsafe. Consider using fscanf_s instead. To disable deprecation, use _CRT_SECURE_NO_WARNINGS. See online help for details.
                 c:\program files (x86)\microsoft visual studio 10.0\vc\include\stdio.h(253) : see declaration of 'fscanf'
     1>d:\toanbk\documents\visual studio 2010\projects\google code projects\mimas-analysis-system\analysissystem\svmlib\svm.cpp(2762): warning C4996: 'fscanf': This function or variable may be unsafe. Consider using fscanf_s instead. To disable deprecation, use _CRT_SECURE_NO_WARNINGS. See online help for details.
                 c:\program files (x86)\microsoft visual studio 10.0\vc\include\stdio.h(253) : see declaration of 'fscanf'
     1>d:\toanbk\documents\visual studio 2010\projects\google code projects\mimas-analysis-system\analysissystem\svmlib\svm.cpp(2768): warning C4996: 'fscanf': This function or variable may be unsafe. Consider using fscanf_s instead. To disable deprecation, use _CRT_SECURE_NO_WARNINGS. See online help for details.
                 c:\program files (x86)\microsoft visual studio 10.0\vc\include\stdio.h(253) : see declaration of 'fscanf'
     1>d:\toanbk\documents\visual studio 2010\projects\google code projects\mimas-analysis-system\analysissystem\svmlib\svm.cpp(2775): warning C4996: 'fscanf': This function or variable may be unsafe. Consider using fscanf_s instead. To disable deprecation, use _CRT_SECURE_NO_WARNINGS. See online help for details.
                 c:\program files (x86)\microsoft visual studio 10.0\vc\include\stdio.h(253) : see declaration of 'fscanf'
     1>d:\toanbk\documents\visual studio 2010\projects\google code projects\mimas-analysis-system\analysissystem\svmlib\svm.cpp(2782): warning C4996: 'fscanf': This function or variable may be unsafe. Consider using fscanf_s instead. To disable deprecation, use _CRT_SECURE_NO_WARNINGS. See online help for details.
                 c:\program files (x86)\microsoft visual studio 10.0\vc\include\stdio.h(253) : see declaration of 'fscanf'
     1>d:\toanbk\documents\visual studio 2010\projects\google code projects\mimas-analysis-system\analysissystem\svmlib\svm.cpp(2789): warning C4996: 'fscanf': This function or variable may be unsafe. Consider using fscanf_s instead. To disable deprecation, use _CRT_SECURE_NO_WARNINGS. See online help for details.
                 c:\program files (x86)\microsoft visual studio 10.0\vc\include\stdio.h(253) : see declaration of 'fscanf'
     1>d:\toanbk\documents\visual studio 2010\projects\google code projects\mimas-analysis-system\analysissystem\svmlib\svm.cpp(2796): warning C4996: 'fscanf': This function or variable may be unsafe. Consider using fscanf_s instead. To disable deprecation, use _CRT_SECURE_NO_WARNINGS. See online help for details.
                 c:\program files (x86)\microsoft visual studio 10.0\vc\include\stdio.h(253) : see declaration of 'fscanf'
     1>d:\toanbk\documents\visual studio 2010\projects\google code projects\mimas-analysis-system\analysissystem\svmlib\svm.cpp(2829): warning C4996: 'strtok': This function or variable may be unsafe. Consider using strtok_s instead. To disable deprecation, use _CRT_SECURE_NO_WARNINGS. See online help for details.
                 c:\program files (x86)\microsoft visual studio 10.0\vc\include\string.h(197) : see declaration of 'strtok'
     1>d:\toanbk\documents\visual studio 2010\projects\google code projects\mimas-analysis-system\analysissystem\svmlib\svm.cpp(2832): warning C4996: 'strtok': This function or variable may be unsafe. Consider using strtok_s instead. To disable deprecation, use _CRT_SECURE_NO_WARNINGS. See online help for details.
                 c:\program files (x86)\microsoft visual studio 10.0\vc\include\string.h(197) : see declaration of 'strtok'
     1>d:\toanbk\documents\visual studio 2010\projects\google code projects\mimas-analysis-system\analysissystem\svmlib\svm.cpp(2858): warning C4996: 'strtok': This function or variable may be unsafe. Consider using strtok_s instead. To disable deprecation, use _CRT_SECURE_NO_WARNINGS. See online help for details.
                 c:\program files (x86)\microsoft visual studio 10.0\vc\include\string.h(197) : see declaration of 'strtok'
     1>d:\toanbk\documents\visual studio 2010\projects\google code projects\mimas-analysis-system\analysissystem\svmlib\svm.cpp(2862): warning C4996: 'strtok': This function or variable may be unsafe. Consider using strtok_s instead. To disable deprecation, use _CRT_SECURE_NO_WARNINGS. See online help for details.
                 c:\program files (x86)\microsoft visual studio 10.0\vc\include\string.h(197) : see declaration of 'strtok'
     1>d:\toanbk\documents\visual studio 2010\projects\google code projects\mimas-analysis-system\analysissystem\svmlib\svm.cpp(2868): warning C4996: 'strtok': This function or variable may be unsafe. Consider using strtok_s instead. To disable deprecation, use _CRT_SECURE_NO_WARNINGS. See online help for details.
                 c:\program files (x86)\microsoft visual studio 10.0\vc\include\string.h(197) : see declaration of 'strtok'
     1>d:\toanbk\documents\visual studio 2010\projects\google code projects\mimas-analysis-system\analysissystem\svmlib\svm.cpp(2869): warning C4996: 'strtok': This function or variable may be unsafe. Consider using strtok_s instead. To disable deprecation, use _CRT_SECURE_NO_WARNINGS. See online help for details.
                 c:\program files (x86)\microsoft visual studio 10.0\vc\include\string.h(197) : see declaration of 'strtok'
       ManifestResourceCompile:
         C:\Program Files (x86)\Microsoft SDKs\Windows\v7.0A\bin\rc.exe /nologo /fo"Debug\SvmLib.dll.embed.manifest.res" Debug\SvmLib_manifest.rc 
       Link:
         C:\Program Files (x86)\Microsoft Visual Studio 10.0\VC\bin\link.exe /ERRORREPORT:PROMPT /OUT:"D:\ToanBK\Documents\Visual Studio 2010\Projects\Google Code Projects\mimas-analysis-system\AnalysisSystem\Debug\SvmLib.dll" /INCREMENTAL /NOLOGO kernel32.lib user32.lib gdi32.lib winspool.lib comdlg32.lib advapi32.lib shell32.lib ole32.lib oleaut32.lib uuid.lib odbc32.lib odbccp32.lib /MANIFEST /ManifestFile:"Debug\SvmLib.dll.intermediate.manifest" /MANIFESTUAC:"level='asInvoker' uiAccess='false'" /DEBUG /PDB:"D:\ToanBK\Documents\Visual Studio 2010\Projects\Google Code Projects\mimas-analysis-system\AnalysisSystem\Debug\SvmLib.pdb" /SUBSYSTEM:WINDOWS /TLBID:1 /DYNAMICBASE /NXCOMPAT /IMPLIB:"D:\ToanBK\Documents\Visual Studio 2010\Projects\Google Code Projects\mimas-analysis-system\AnalysisSystem\Debug\SvmLib.lib" /MACHINE:X86 /DLL Debug\SvmLib.dll.embed.manifest.res
         "Debug\svm-predict.obj"
         Debug\svm.obj
            Creating library D:\ToanBK\Documents\Visual Studio 2010\Projects\Google Code Projects\mimas-analysis-system\AnalysisSystem\Debug\SvmLib.lib and object D:\ToanBK\Documents\Visual Studio 2010\Projects\Google Code Projects\mimas-analysis-system\AnalysisSystem\Debug\SvmLib.exp
       Manifest:
         Deleting file "Debug\SvmLib.dll.embed.manifest".
         C:\Program Files (x86)\Microsoft SDKs\Windows\v7.0A\bin\mt.exe /nologo /verbose /out:"Debug\SvmLib.dll.embed.manifest" /manifest Debug\SvmLib.dll.intermediate.manifest
         C:\Program Files (x86)\Microsoft SDKs\Windows\v7.0A\bin\rc.exe /nologo /fo"Debug\SvmLib.dll.embed.manifest.res" Debug\SvmLib_manifest.rc 
       LinkEmbedManifest:
         C:\Program Files (x86)\Microsoft Visual Studio 10.0\VC\bin\link.exe /ERRORREPORT:PROMPT /OUT:"D:\ToanBK\Documents\Visual Studio 2010\Projects\Google Code Projects\mimas-analysis-system\AnalysisSystem\Debug\SvmLib.dll" /INCREMENTAL /NOLOGO kernel32.lib user32.lib gdi32.lib winspool.lib comdlg32.lib advapi32.lib shell32.lib ole32.lib oleaut32.lib uuid.lib odbc32.lib odbccp32.lib /MANIFEST /ManifestFile:"Debug\SvmLib.dll.intermediate.manifest" /MANIFESTUAC:"level='asInvoker' uiAccess='false'" /DEBUG /PDB:"D:\ToanBK\Documents\Visual Studio 2010\Projects\Google Code Projects\mimas-analysis-system\AnalysisSystem\Debug\SvmLib.pdb" /SUBSYSTEM:WINDOWS /TLBID:1 /DYNAMICBASE /NXCOMPAT /IMPLIB:"D:\ToanBK\Documents\Visual Studio 2010\Projects\Google Code Projects\mimas-analysis-system\AnalysisSystem\Debug\SvmLib.lib" /MACHINE:X86 /DLL Debug\SvmLib.dll.embed.manifest.res
         "Debug\svm-predict.obj"
         Debug\svm.obj
            Creating library D:\ToanBK\Documents\Visual Studio 2010\Projects\Google Code Projects\mimas-analysis-system\AnalysisSystem\Debug\SvmLib.lib and object D:\ToanBK\Documents\Visual Studio 2010\Projects\Google Code Projects\mimas-analysis-system\AnalysisSystem\Debug\SvmLib.exp
         SvmLib.vcxproj -> D:\ToanBK\Documents\Visual Studio 2010\Projects\Google Code Projects\mimas-analysis-system\AnalysisSystem\Debug\SvmLib.dll
       FinalizeBuildStatus:
         Deleting file "Debug\SvmLib.unsuccessfulbuild".
         Touching "Debug\SvmLib.lastbuildstate".
     1>Done Building Project "D:\ToanBK\Documents\Visual Studio 2010\Projects\Google Code Projects\mimas-analysis-system\AnalysisSystem\SvmLib\SvmLib.vcxproj" (rebuild target(s)).

Build succeeded.

Time Elapsed 00:00:03.17
